Copyright 1986-2022 Xilinx, Inc. All Rights Reserved.
-------------------------------------------------------------------------------------------------------------------------------
| Tool Version     : Vivado v.2022.1 (win64) Build 3526262 Mon Apr 18 15:48:16 MDT 2022
| Date             : Thu Dec 15 22:32:58 2022
| Host             : E5-CSE-136-30 running 64-bit major release  (build 9200)
| Command          : report_power -file Top_power_routed.rpt -pb Top_power_summary_routed.pb -rpx Top_power_routed.rpx
| Design           : Top
| Device           : xc7z010clg400-3
| Design State     : routed
| Grade            : extended
| Process          : typical
| Characterization : Production
-------------------------------------------------------------------------------------------------------------------------------

Power Report

Table of Contents
-----------------
1. Summary
1.1 On-Chip Components
1.2 Power Supply Summary
1.3 Confidence Level
2. Settings
2.1 Environment
2.2 Clock Constraints
3. Detailed Reports
3.1 By Hierarchy

1. Summary
----------

+--------------------------+--------------+
| Total On-Chip Power (W)  | 1.132        |
| Design Power Budget (W)  | Unspecified* |
| Power Budget Margin (W)  | NA           |
| Dynamic (W)              | 1.027        |
| Device Static (W)        | 0.105        |
| Effective TJA (C/W)      | 11.5         |
| Max Ambient (C)          | 87.0         |
| Junction Temperature (C) | 38.0         |
| Confidence Level         | Low          |
| Setting File             | ---          |
| Simulation Activity File | ---          |
| Design Nets Matched      | NA           |
+--------------------------+--------------+
* Specify Design Power Budget using, set_operating_conditions -design_power_budget <value in Watts>


1.1 On-Chip Components
----------------------

+--------------------------+-----------+----------+-----------+-----------------+
| On-Chip                  | Power (W) | Used     | Available | Utilization (%) |
+--------------------------+-----------+----------+-----------+-----------------+
| Slice Logic              |     0.227 |      509 |       --- |             --- |
|   LUT as Logic           |     0.196 |      143 |     17600 |            0.81 |
|   Register               |     0.014 |      232 |     35200 |            0.66 |
|   BUFG                   |     0.009 |        2 |        32 |            6.25 |
|   CARRY4                 |     0.005 |        9 |      4400 |            0.20 |
|   LUT as Distributed RAM |     0.003 |       56 |      6000 |            0.93 |
|   Others                 |     0.000 |       18 |       --- |             --- |
| Signals                  |     0.491 |      383 |       --- |             --- |
| I/O                      |     0.309 |       97 |       100 |           97.00 |
| Static Power             |     0.105 |          |           |                 |
| Total                    |     1.132 |          |           |                 |
+--------------------------+-----------+----------+-----------+-----------------+


1.2 Power Supply Summary
------------------------

+-----------+-------------+-----------+-------------+------------+-------------+-------------+------------+
| Source    | Voltage (V) | Total (A) | Dynamic (A) | Static (A) | Powerup (A) | Budget (A)  | Margin (A) |
+-----------+-------------+-----------+-------------+------------+-------------+-------------+------------+
| Vccint    |       1.000 |     0.728 |       0.722 |      0.006 |       NA    | Unspecified | NA         |
| Vccaux    |       1.800 |     0.032 |       0.025 |      0.007 |       NA    | Unspecified | NA         |
| Vcco33    |       3.300 |     0.000 |       0.000 |      0.000 |       NA    | Unspecified | NA         |
| Vcco25    |       2.500 |     0.000 |       0.000 |      0.000 |       NA    | Unspecified | NA         |
| Vcco18    |       1.800 |     0.145 |       0.144 |      0.001 |       NA    | Unspecified | NA         |
| Vcco15    |       1.500 |     0.000 |       0.000 |      0.000 |       NA    | Unspecified | NA         |
| Vcco135   |       1.350 |     0.000 |       0.000 |      0.000 |       NA    | Unspecified | NA         |
| Vcco12    |       1.200 |     0.000 |       0.000 |      0.000 |       NA    | Unspecified | NA         |
| Vccaux_io |       1.800 |     0.000 |       0.000 |      0.000 |       NA    | Unspecified | NA         |
| Vccbram   |       1.000 |     0.000 |       0.000 |      0.000 |       NA    | Unspecified | NA         |
| MGTAVcc   |       1.000 |     0.000 |       0.000 |      0.000 |       NA    | Unspecified | NA         |
| MGTAVtt   |       1.200 |     0.000 |       0.000 |      0.000 |       NA    | Unspecified | NA         |
| MGTVccaux |       1.800 |     0.000 |       0.000 |      0.000 |       NA    | Unspecified | NA         |
| Vccpint   |       1.000 |     0.024 |       0.000 |      0.024 |       NA    | Unspecified | NA         |
| Vccpaux   |       1.800 |     0.010 |       0.000 |      0.010 |       NA    | Unspecified | NA         |
| Vccpll    |       1.800 |     0.003 |       0.000 |      0.003 |       NA    | Unspecified | NA         |
| Vcco_ddr  |       1.500 |     0.000 |       0.000 |      0.000 |       NA    | Unspecified | NA         |
| Vcco_mio0 |       1.800 |     0.000 |       0.000 |      0.000 |       NA    | Unspecified | NA         |
| Vcco_mio1 |       1.800 |     0.000 |       0.000 |      0.000 |       NA    | Unspecified | NA         |
| Vccadc    |       1.800 |     0.020 |       0.000 |      0.020 |       NA    | Unspecified | NA         |
+-----------+-------------+-----------+-------------+------------+-------------+-------------+------------+


1.3 Confidence Level
--------------------

+-----------------------------+------------+--------------------------------------------------------+--------------------------------------------------------------------------------------------------------------------+
| User Input Data             | Confidence | Details                                                | Action                                                                                                             |
+-----------------------------+------------+--------------------------------------------------------+--------------------------------------------------------------------------------------------------------------------+
| Design implementation state | High       | Design is routed                                       |                                                                                                                    |
| Clock nodes activity        | Low        | User specified less than 75% of clocks                 | Provide missing clock activity with a constraint file, simulation results or by editing the "By Clock Domain" view |
| I/O nodes activity          | Low        | More than 75% of inputs are missing user specification | Provide missing input activity with simulation results or by editing the "By Resource Type -> I/Os" view           |
| Internal nodes activity     | Medium     | User specified less than 25% of internal nodes         | Provide missing internal nodes activity with simulation results or by editing the "By Resource Type" views         |
| Device models               | High       | Device models are Production                           |                                                                                                                    |
|                             |            |                                                        |                                                                                                                    |
| Overall confidence level    | Low        |                                                        |                                                                                                                    |
+-----------------------------+------------+--------------------------------------------------------+--------------------------------------------------------------------------------------------------------------------+


2. Settings
-----------

2.1 Environment
---------------

+-----------------------+------------------------+
| Ambient Temp (C)      | 25.0                   |
| ThetaJA (C/W)         | 11.5                   |
| Airflow (LFM)         | 250                    |
| Heat Sink             | none                   |
| ThetaSA (C/W)         | 0.0                    |
| Board Selection       | medium (10"x10")       |
| # of Board Layers     | 8to11 (8 to 11 Layers) |
| Board Temperature (C) | 25.0                   |
+-----------------------+------------------------+


2.2 Clock Constraints
---------------------

+-------+--------+-----------------+
| Clock | Domain | Constraint (ns) |
+-------+--------+-----------------+


3. Detailed Reports
-------------------

3.1 By Hierarchy
----------------

+---------------------+-----------+
| Name                | Power (W) |
+---------------------+-----------+
| Top                 |     1.027 |
|   dp                |     0.691 |
|     d_control_unit  |     0.003 |
|     d_id_exe        |     0.202 |
|     d_ifid          |     0.276 |
|     d_register_file |     0.003 |
|     datapath_pc     |     0.060 |
|     ealu            |     0.035 |
|     exemem          |     0.036 |
|     memwb           |     0.075 |
+---------------------+-----------+


